<?xml version="1.0" encoding="UTF-8"?>
<!-- Generated by org.testng.reporters.JUnitReportReporter -->
<testsuite skipped="0" hostname="ankit-desktop" name="com.umbrella.Amazon.FunctionalTest.VerifyYouTubeFunctionality" tests="1" failures="0" timestamp="07 Feb 2018 16:00:49 GMT" time="42.371" errors="1">
  <testcase name="SkipAddTest" time="42.371" classname="com.umbrella.Amazon.FunctionalTest.VerifyYouTubeFunctionality">
    <error type="org.awaitility.core.ConditionTimeoutException" message="Condition with alias &#039;Avertisent can not be skipiied before 5 seconds&#039; didn&#039;t complete within 20 seconds because lambda expression in com.umbrella.Amazon.PageFactory.YouTube that uses org.openqa.selenium.WebElement: expected &quot;Skip Ad&quot; but was &quot;&quot;.">
      <![CDATA[org.awaitility.core.ConditionTimeoutException: Condition with alias 'Avertisent can not be skipiied before 5 seconds' didn't complete within 20 seconds because lambda expression in com.umbrella.Amazon.PageFactory.YouTube that uses org.openqa.selenium.WebElement: expected "Skip Ad" but was "".at org.awaitility.core.ConditionAwaiter.await(ConditionAwaiter.java:136)at org.awaitility.core.AbstractHamcrestCondition.await(AbstractHamcrestCondition.java:89)at org.awaitility.core.ConditionFactory.until(ConditionFactory.java:840)at org.awaitility.core.ConditionFactory.until(ConditionFactory.java:619)at com.umbrella.Amazon.PageFactory.YouTube.skipAdd(YouTube.java:131)at com.umbrella.Amazon.FunctionalTest.VerifyYouTubeFunctionality.SkipAddTest(VerifyYouTubeFunctionality.java:37)at sun.reflect.NativeMethodAccessorImpl.invoke0(Native Method)at sun.reflect.NativeMethodAccessorImpl.invoke(NativeMethodAccessorImpl.java:62)at sun.reflect.DelegatingMethodAccessorImpl.invoke(DelegatingMethodAccessorImpl.java:43)at java.lang.reflect.Method.invoke(Method.java:498)at org.testng.internal.MethodInvocationHelper.invokeMethod(MethodInvocationHelper.java:124)at org.testng.internal.Invoker.invokeMethod(Invoker.java:571)at org.testng.internal.Invoker.invokeTestMethod(Invoker.java:707)at org.testng.internal.Invoker.invokeTestMethods(Invoker.java:979)at org.testng.internal.TestMethodWorker.invokeTestMethods(TestMethodWorker.java:125)at org.testng.internal.TestMethodWorker.run(TestMethodWorker.java:109)at org.testng.TestRunner.privateRun(TestRunner.java:648)at org.testng.TestRunner.run(TestRunner.java:505)at org.testng.SuiteRunner.runTest(SuiteRunner.java:455)at org.testng.SuiteRunner.access$000(SuiteRunner.java:40)at org.testng.SuiteRunner$SuiteWorker.run(SuiteRunner.java:489)at org.testng.internal.thread.ThreadUtil$1.call(ThreadUtil.java:52)at java.util.concurrent.FutureTask.run(FutureTask.java:266)at java.util.concurrent.ThreadPoolExecutor.runWorker(ThreadPoolExecutor.java:1149)at java.util.concurrent.ThreadPoolExecutor$Worker.run(ThreadPoolExecutor.java:624)at java.lang.Thread.run(Thread.java:748)]]>
    </error>
  </testcase> <!-- SkipAddTest -->
</testsuite> <!-- com.umbrella.Amazon.FunctionalTest.VerifyYouTubeFunctionality -->
